The target system is: Android - 1 - armv5te
The host system is: Linux - 4.13.0-36-generic - x86_64
Determining if the include file pthread.h exists passed with the following output:
Change Dir: /home/dell/huangyaling/MyProject/caffe-android-lib-test/protobuf/build_dir/CMakeFiles/CMakeTmp

Run Build Command:"/usr/bin/make" "cmTC_59a1a/fast"
/usr/bin/make -f CMakeFiles/cmTC_59a1a.dir/build.make CMakeFiles/cmTC_59a1a.dir/build
make[1]: Entering directory '/home/dell/huangyaling/MyProject/caffe-android-lib-test/protobuf/build_dir/CMakeFiles/CMakeTmp'
Building C object CMakeFiles/cmTC_59a1a.dir/CheckIncludeFile.c.o
/home/dell/Android/android-ndk-r11c/toolchains/arm-linux-androideabi-4.9/prebuilt/linux-x86_64/bin/arm-linux-androideabi-gcc  -DANDROID -isystem /home/dell/Android/android-ndk-r11c/platforms/android-21/arch-arm/usr/include -isystem /home/dell/Android/android-ndk-r11c/sources/cxx-stl/gnu-libstdc++/4.9/include -isystem /home/dell/Android/android-ndk-r11c/sources/cxx-stl/gnu-libstdc++/4.9/libs/armeabi/include -isystem /home/dell/Android/android-ndk-r11c/sources/cxx-stl/gnu-libstdc++/4.9/include/backward  -fexceptions -Wno-psabi --sysroot=/home/dell/Android/android-ndk-r11c/platforms/android-21/arch-arm -funwind-tables -finline-limit=64 -fsigned-char -no-canonical-prefixes -march=armv5te -mtune=xscale -msoft-float -fdata-sections -ffunction-sections -Wa,--noexecstack   -fPIE   -o CMakeFiles/cmTC_59a1a.dir/CheckIncludeFile.c.o   -c /home/dell/huangyaling/MyProject/caffe-android-lib-test/protobuf/build_dir/CMakeFiles/CMakeTmp/CheckIncludeFile.c
Linking C executable cmTC_59a1a
/usr/bin/cmake -E cmake_link_script CMakeFiles/cmTC_59a1a.dir/link.txt --verbose=1
/home/dell/Android/android-ndk-r11c/toolchains/arm-linux-androideabi-4.9/prebuilt/linux-x86_64/bin/arm-linux-androideabi-gcc  -fexceptions -Wno-psabi --sysroot=/home/dell/Android/android-ndk-r11c/platforms/android-21/arch-arm -funwind-tables -finline-limit=64 -fsigned-char -no-canonical-prefixes -march=armv5te -mtune=xscale -msoft-float -fdata-sections -ffunction-sections -Wa,--noexecstack     -Wl,--no-undefined -Wl,-allow-shlib-undefined -Wl,--gc-sections -Wl,-z,noexecstack -Wl,-z,relro -Wl,-z,now -Wl,-z,nocopyreloc -fPIE -pie  CMakeFiles/cmTC_59a1a.dir/CheckIncludeFile.c.o -o cmTC_59a1a  -L/libs/armeabi   "/home/dell/Android/android-ndk-r11c/sources/cxx-stl/gnu-libstdc++/4.9/libs/armeabi/libsupc++.a"
make[1]: Leaving directory '/home/dell/huangyaling/MyProject/caffe-android-lib-test/protobuf/build_dir/CMakeFiles/CMakeTmp'


Determining if the pthread_create exist passed with the following output:
Change Dir: /home/dell/huangyaling/MyProject/caffe-android-lib-test/protobuf/build_dir/CMakeFiles/CMakeTmp

Run Build Command:"/usr/bin/make" "cmTC_d0a56/fast"
/usr/bin/make -f CMakeFiles/cmTC_d0a56.dir/build.make CMakeFiles/cmTC_d0a56.dir/build
make[1]: Entering directory '/home/dell/huangyaling/MyProject/caffe-android-lib-test/protobuf/build_dir/CMakeFiles/CMakeTmp'
Building C object CMakeFiles/cmTC_d0a56.dir/CheckSymbolExists.c.o
/home/dell/Android/android-ndk-r11c/toolchains/arm-linux-androideabi-4.9/prebuilt/linux-x86_64/bin/arm-linux-androideabi-gcc  -DANDROID -isystem /home/dell/Android/android-ndk-r11c/platforms/android-21/arch-arm/usr/include -isystem /home/dell/Android/android-ndk-r11c/sources/cxx-stl/gnu-libstdc++/4.9/include -isystem /home/dell/Android/android-ndk-r11c/sources/cxx-stl/gnu-libstdc++/4.9/libs/armeabi/include -isystem /home/dell/Android/android-ndk-r11c/sources/cxx-stl/gnu-libstdc++/4.9/include/backward  -fexceptions -Wno-psabi --sysroot=/home/dell/Android/android-ndk-r11c/platforms/android-21/arch-arm -funwind-tables -finline-limit=64 -fsigned-char -no-canonical-prefixes -march=armv5te -mtune=xscale -msoft-float -fdata-sections -ffunction-sections -Wa,--noexecstack   -fPIE   -o CMakeFiles/cmTC_d0a56.dir/CheckSymbolExists.c.o   -c /home/dell/huangyaling/MyProject/caffe-android-lib-test/protobuf/build_dir/CMakeFiles/CMakeTmp/CheckSymbolExists.c
Linking C executable cmTC_d0a56
/usr/bin/cmake -E cmake_link_script CMakeFiles/cmTC_d0a56.dir/link.txt --verbose=1
/home/dell/Android/android-ndk-r11c/toolchains/arm-linux-androideabi-4.9/prebuilt/linux-x86_64/bin/arm-linux-androideabi-gcc  -fexceptions -Wno-psabi --sysroot=/home/dell/Android/android-ndk-r11c/platforms/android-21/arch-arm -funwind-tables -finline-limit=64 -fsigned-char -no-canonical-prefixes -march=armv5te -mtune=xscale -msoft-float -fdata-sections -ffunction-sections -Wa,--noexecstack     -Wl,--no-undefined -Wl,-allow-shlib-undefined -Wl,--gc-sections -Wl,-z,noexecstack -Wl,-z,relro -Wl,-z,now -Wl,-z,nocopyreloc -fPIE -pie  CMakeFiles/cmTC_d0a56.dir/CheckSymbolExists.c.o -o cmTC_d0a56  -L/libs/armeabi   "/home/dell/Android/android-ndk-r11c/sources/cxx-stl/gnu-libstdc++/4.9/libs/armeabi/libsupc++.a"
make[1]: Leaving directory '/home/dell/huangyaling/MyProject/caffe-android-lib-test/protobuf/build_dir/CMakeFiles/CMakeTmp'

File /home/dell/huangyaling/MyProject/caffe-android-lib-test/protobuf/build_dir/CMakeFiles/CMakeTmp/CheckSymbolExists.c:
/* */
#include <pthread.h>

int main(int argc, char** argv)
{
  (void)argv;
#ifndef pthread_create
  return ((int*)(&pthread_create))[argc];
#else
  (void)argc;
  return 0;
#endif
}

